Determining if the pthread_create exist failed with the following output:
Change Dir: /home/zjh/demo03_ws/build/CMakeFiles/CMakeTmp

Run Build Command:"/usr/bin/make" "cmTC_69743/fast"
/usr/bin/make -f CMakeFiles/cmTC_69743.dir/build.make CMakeFiles/cmTC_69743.dir/build
make[1]: 进入目录“/home/zjh/demo03_ws/build/CMakeFiles/CMakeTmp”
Building C object CMakeFiles/cmTC_69743.dir/CheckSymbolExists.c.o
/usr/bin/cc    -o CMakeFiles/cmTC_69743.dir/CheckSymbolExists.c.o   -c /home/zjh/demo03_ws/build/CMakeFiles/CMakeTmp/CheckSymbolExists.c
Linking C executable cmTC_69743
/usr/bin/cmake -E cmake_link_script CMakeFiles/cmTC_69743.dir/link.txt --verbose=1
/usr/bin/cc      -rdynamic CMakeFiles/cmTC_69743.dir/CheckSymbolExists.c.o  -o cmTC_69743 
CMakeFiles/cmTC_69743.dir/CheckSymbolExists.c.o：在函数‘main’中：
CheckSymbolExists.c:(.text+0x1b)：对‘pthread_create’未定义的引用
collect2: error: ld returned 1 exit status
CMakeFiles/cmTC_69743.dir/build.make:97: recipe for target 'cmTC_69743' failed
make[1]: *** [cmTC_69743] Error 1
make[1]: 离开目录“/home/zjh/demo03_ws/build/CMakeFiles/CMakeTmp”
Makefile:126: recipe for target 'cmTC_69743/fast' failed
make: *** [cmTC_69743/fast] Error 2

File /home/zjh/demo03_ws/build/CMakeFiles/CMakeTmp/CheckSymbolExists.c:
/* */
#include <pthread.h>

int main(int argc, char** argv)
{
  (void)argv;
#ifndef pthread_create
  return ((int*)(&pthread_create))[argc];
#else
  (void)argc;
  return 0;
#endif
}

Determining if the function pthread_create exists in the pthreads failed with the following output:
Change Dir: /home/zjh/demo03_ws/build/CMakeFiles/CMakeTmp

Run Build Command:"/usr/bin/make" "cmTC_79739/fast"
/usr/bin/make -f CMakeFiles/cmTC_79739.dir/build.make CMakeFiles/cmTC_79739.dir/build
make[1]: 进入目录“/home/zjh/demo03_ws/build/CMakeFiles/CMakeTmp”
Building C object CMakeFiles/cmTC_79739.dir/CheckFunctionExists.c.o
/usr/bin/cc   -DCHECK_FUNCTION_EXISTS=pthread_create   -o CMakeFiles/cmTC_79739.dir/CheckFunctionExists.c.o   -c /usr/share/cmake-3.10/Modules/CheckFunctionExists.c
Linking C executable cmTC_79739
/usr/bin/cmake -E cmake_link_script CMakeFiles/cmTC_79739.dir/link.txt --verbose=1
/usr/bin/cc  -DCHECK_FUNCTION_EXISTS=pthread_create    -rdynamic CMakeFiles/cmTC_79739.dir/CheckFunctionExists.c.o  -o cmTC_79739 -lpthreads 
/usr/bin/ld: 找不到 -lpthreads
collect2: error: ld returned 1 exit status
CMakeFiles/cmTC_79739.dir/build.make:97: recipe for target 'cmTC_79739' failed
make[1]: *** [cmTC_79739] Error 1
make[1]: 离开目录“/home/zjh/demo03_ws/build/CMakeFiles/CMakeTmp”
Makefile:126: recipe for target 'cmTC_79739/fast' failed
make: *** [cmTC_79739/fast] Error 2


